                              1 ;--------------------------------------------------------
                              2 ; File Created by SDCC : free open source ANSI-C Compiler
                              3 ; Version 3.6.8 #9946 (Linux)
                              4 ;--------------------------------------------------------
                              5 	.module face
                              6 	.optsdcc -mz80
                              7 	
                              8 ;--------------------------------------------------------
                              9 ; Public variables in this module
                             10 ;--------------------------------------------------------
                             11 	.globl _pre_face
                             12 	.globl _pre_tileset
                             13 	.globl _pre_palette
                             14 ;--------------------------------------------------------
                             15 ; special function registers
                             16 ;--------------------------------------------------------
                             17 ;--------------------------------------------------------
                             18 ; ram data
                             19 ;--------------------------------------------------------
                             20 	.area _DATA
                             21 ;--------------------------------------------------------
                             22 ; ram data
                             23 ;--------------------------------------------------------
                             24 	.area _INITIALIZED
                             25 ;--------------------------------------------------------
                             26 ; absolute external ram data
                             27 ;--------------------------------------------------------
                             28 	.area _DABS (ABS)
                             29 ;--------------------------------------------------------
                             30 ; global & static initialisations
                             31 ;--------------------------------------------------------
                             32 	.area _HOME
                             33 	.area _GSINIT
                             34 	.area _GSFINAL
                             35 	.area _GSINIT
                             36 ;--------------------------------------------------------
                             37 ; Home
                             38 ;--------------------------------------------------------
                             39 	.area _HOME
                             40 	.area _HOME
                             41 ;--------------------------------------------------------
                             42 ; code
                             43 ;--------------------------------------------------------
                             44 	.area _CODE
                             45 	.area _CODE
   0000                      46 _pre_palette:
   0000 54                   47 	.db #0x54	; 84	'T'
   0001 44                   48 	.db #0x44	; 68	'D'
   0002 5C                   49 	.db #0x5c	; 92
   0003 58                   50 	.db #0x58	; 88	'X'
   0004 45                   51 	.db #0x45	; 69	'E'
   0005 56                   52 	.db #0x56	; 86	'V'
   0006 46                   53 	.db #0x46	; 70	'F'
   0007 5E                   54 	.db #0x5e	; 94
   0008 40                   55 	.db #0x40	; 64
   0009 47                   56 	.db #0x47	; 71	'G'
   000A 42                   57 	.db #0x42	; 66	'B'
   000B 53                   58 	.db #0x53	; 83	'S'
   000C 5A                   59 	.db #0x5a	; 90	'Z'
   000D 4A                   60 	.db #0x4a	; 74	'J'
   000E 43                   61 	.db #0x43	; 67	'C'
   000F 4B                   62 	.db #0x4b	; 75	'K'
   0010                      63 _pre_tileset:
   0010r12r00                64 	.dw _pre_face
   0012                      65 _pre_face:
   0012 00                   66 	.db #0x00	; 0
   0013 F3                   67 	.db #0xf3	; 243
   0014 F3                   68 	.db #0xf3	; 243
   0015 00                   69 	.db #0x00	; 0
   0016 51                   70 	.db #0x51	; 81	'Q'
   0017 F3                   71 	.db #0xf3	; 243
   0018 F3                   72 	.db #0xf3	; 243
   0019 A2                   73 	.db #0xa2	; 162
   001A F7                   74 	.db #0xf7	; 247
   001B FB                   75 	.db #0xfb	; 251
   001C FF                   76 	.db #0xff	; 255
   001D F3                   77 	.db #0xf3	; 243
   001E F7                   78 	.db #0xf7	; 247
   001F 51                   79 	.db #0x51	; 81	'Q'
   0020 AA                   80 	.db #0xaa	; 170
   0021 F3                   81 	.db #0xf3	; 243
   0022 F3                   82 	.db #0xf3	; 243
   0023 F3                   83 	.db #0xf3	; 243
   0024 F3                   84 	.db #0xf3	; 243
   0025 F3                   85 	.db #0xf3	; 243
   0026 F3                   86 	.db #0xf3	; 243
   0027 A2                   87 	.db #0xa2	; 162
   0028 00                   88 	.db #0x00	; 0
   0029 F3                   89 	.db #0xf3	; 243
   002A 51                   90 	.db #0x51	; 81	'Q'
   002B F3                   91 	.db #0xf3	; 243
   002C F3                   92 	.db #0xf3	; 243
   002D A2                   93 	.db #0xa2	; 162
   002E 00                   94 	.db #0x00	; 0
   002F F3                   95 	.db #0xf3	; 243
   0030 F3                   96 	.db #0xf3	; 243
   0031 00                   97 	.db #0x00	; 0
                             98 	.area _INITIALIZER
                             99 	.area _CABS (ABS)
