                              1 ;--------------------------------------------------------
                              2 ; File Created by SDCC : free open source ANSI-C Compiler
                              3 ; Version 3.6.8 #9946 (Linux)
                              4 ;--------------------------------------------------------
                              5 	.module pingu
                              6 	.optsdcc -mz80
                              7 	
                              8 ;--------------------------------------------------------
                              9 ; Public variables in this module
                             10 ;--------------------------------------------------------
                             11 	.globl _spr_pingu_3
                             12 	.globl _spr_pingu_2
                             13 	.globl _spr_pingu_1
                             14 	.globl _spr_pingu_0
                             15 	.globl _spr_tileset
                             16 ;--------------------------------------------------------
                             17 ; special function registers
                             18 ;--------------------------------------------------------
                             19 ;--------------------------------------------------------
                             20 ; ram data
                             21 ;--------------------------------------------------------
                             22 	.area _DATA
                             23 ;--------------------------------------------------------
                             24 ; ram data
                             25 ;--------------------------------------------------------
                             26 	.area _INITIALIZED
                             27 ;--------------------------------------------------------
                             28 ; absolute external ram data
                             29 ;--------------------------------------------------------
                             30 	.area _DABS (ABS)
                             31 ;--------------------------------------------------------
                             32 ; global & static initialisations
                             33 ;--------------------------------------------------------
                             34 	.area _HOME
                             35 	.area _GSINIT
                             36 	.area _GSFINAL
                             37 	.area _GSINIT
                             38 ;--------------------------------------------------------
                             39 ; Home
                             40 ;--------------------------------------------------------
                             41 	.area _HOME
                             42 	.area _HOME
                             43 ;--------------------------------------------------------
                             44 ; code
                             45 ;--------------------------------------------------------
                             46 	.area _CODE
                             47 	.area _CODE
   0000                      48 _spr_tileset:
   0000r08r00                49 	.dw _spr_pingu_0
   0002rC8r00                50 	.dw _spr_pingu_1
   0004r88r01                51 	.dw _spr_pingu_2
   0006r48r02                52 	.dw _spr_pingu_3
   0008                      53 _spr_pingu_0:
   0008 00                   54 	.db #0x00	; 0
   0009 00                   55 	.db #0x00	; 0
   000A 00                   56 	.db #0x00	; 0
   000B 00                   57 	.db #0x00	; 0
   000C 00                   58 	.db #0x00	; 0
   000D 00                   59 	.db #0x00	; 0
   000E 00                   60 	.db #0x00	; 0
   000F 00                   61 	.db #0x00	; 0
   0010 00                   62 	.db #0x00	; 0
   0011 00                   63 	.db #0x00	; 0
   0012 00                   64 	.db #0x00	; 0
   0013 00                   65 	.db #0x00	; 0
   0014 00                   66 	.db #0x00	; 0
   0015 00                   67 	.db #0x00	; 0
   0016 00                   68 	.db #0x00	; 0
   0017 00                   69 	.db #0x00	; 0
   0018 00                   70 	.db #0x00	; 0
   0019 00                   71 	.db #0x00	; 0
   001A 00                   72 	.db #0x00	; 0
   001B 00                   73 	.db #0x00	; 0
   001C 00                   74 	.db #0x00	; 0
   001D 00                   75 	.db #0x00	; 0
   001E 00                   76 	.db #0x00	; 0
   001F 00                   77 	.db #0x00	; 0
   0020 00                   78 	.db #0x00	; 0
   0021 00                   79 	.db #0x00	; 0
   0022 00                   80 	.db #0x00	; 0
   0023 00                   81 	.db #0x00	; 0
   0024 00                   82 	.db #0x00	; 0
   0025 00                   83 	.db #0x00	; 0
   0026 00                   84 	.db #0x00	; 0
   0027 00                   85 	.db #0x00	; 0
   0028 00                   86 	.db #0x00	; 0
   0029 00                   87 	.db #0x00	; 0
   002A 00                   88 	.db #0x00	; 0
   002B 03                   89 	.db #0x03	; 3
   002C 03                   90 	.db #0x03	; 3
   002D 00                   91 	.db #0x00	; 0
   002E 00                   92 	.db #0x00	; 0
   002F 00                   93 	.db #0x00	; 0
   0030 00                   94 	.db #0x00	; 0
   0031 00                   95 	.db #0x00	; 0
   0032 01                   96 	.db #0x01	; 1
   0033 03                   97 	.db #0x03	; 3
   0034 03                   98 	.db #0x03	; 3
   0035 02                   99 	.db #0x02	; 2
   0036 00                  100 	.db #0x00	; 0
   0037 00                  101 	.db #0x00	; 0
   0038 00                  102 	.db #0x00	; 0
   0039 00                  103 	.db #0x00	; 0
   003A 03                  104 	.db #0x03	; 3
   003B FF                  105 	.db #0xff	; 255
   003C 57                  106 	.db #0x57	; 87	'W'
   003D 03                  107 	.db #0x03	; 3
   003E 00                  108 	.db #0x00	; 0
   003F 00                  109 	.db #0x00	; 0
   0040 00                  110 	.db #0x00	; 0
   0041 00                  111 	.db #0x00	; 0
   0042 57                  112 	.db #0x57	; 87	'W'
   0043 AA                  113 	.db #0xaa	; 170
   0044 AA                  114 	.db #0xaa	; 170
   0045 AB                  115 	.db #0xab	; 171
   0046 00                  116 	.db #0x00	; 0
   0047 00                  117 	.db #0x00	; 0
   0048 00                  118 	.db #0x00	; 0
   0049 01                  119 	.db #0x01	; 1
   004A 57                  120 	.db #0x57	; 87	'W'
   004B AA                  121 	.db #0xaa	; 170
   004C AA                  122 	.db #0xaa	; 170
   004D AB                  123 	.db #0xab	; 171
   004E 02                  124 	.db #0x02	; 2
   004F 00                  125 	.db #0x00	; 0
   0050 00                  126 	.db #0x00	; 0
   0051 01                  127 	.db #0x01	; 1
   0052 57                  128 	.db #0x57	; 87	'W'
   0053 EB                  129 	.db #0xeb	; 235
   0054 C3                  130 	.db #0xc3	; 195
   0055 AB                  131 	.db #0xab	; 171
   0056 02                  132 	.db #0x02	; 2
   0057 00                  133 	.db #0x00	; 0
   0058 00                  134 	.db #0x00	; 0
   0059 01                  135 	.db #0x01	; 1
   005A 57                  136 	.db #0x57	; 87	'W'
   005B EB                  137 	.db #0xeb	; 235
   005C C3                  138 	.db #0xc3	; 195
   005D 83                  139 	.db #0x83	; 131
   005E 02                  140 	.db #0x02	; 2
   005F 00                  141 	.db #0x00	; 0
   0060 00                  142 	.db #0x00	; 0
   0061 03                  143 	.db #0x03	; 3
   0062 03                  144 	.db #0x03	; 3
   0063 FF                  145 	.db #0xff	; 255
   0064 FF                  146 	.db #0xff	; 255
   0065 03                  147 	.db #0x03	; 3
   0066 03                  148 	.db #0x03	; 3
   0067 00                  149 	.db #0x00	; 0
   0068 00                  150 	.db #0x00	; 0
   0069 03                  151 	.db #0x03	; 3
   006A 03                  152 	.db #0x03	; 3
   006B FF                  153 	.db #0xff	; 255
   006C FF                  154 	.db #0xff	; 255
   006D 03                  155 	.db #0x03	; 3
   006E 03                  156 	.db #0x03	; 3
   006F 00                  157 	.db #0x00	; 0
   0070 01                  158 	.db #0x01	; 1
   0071 03                  159 	.db #0x03	; 3
   0072 57                  160 	.db #0x57	; 87	'W'
   0073 FF                  161 	.db #0xff	; 255
   0074 FF                  162 	.db #0xff	; 255
   0075 AB                  163 	.db #0xab	; 171
   0076 03                  164 	.db #0x03	; 3
   0077 02                  165 	.db #0x02	; 2
   0078 01                  166 	.db #0x01	; 1
   0079 01                  167 	.db #0x01	; 1
   007A 57                  168 	.db #0x57	; 87	'W'
   007B FF                  169 	.db #0xff	; 255
   007C FF                  170 	.db #0xff	; 255
   007D AB                  171 	.db #0xab	; 171
   007E 02                  172 	.db #0x02	; 2
   007F 02                  173 	.db #0x02	; 2
   0080 00                  174 	.db #0x00	; 0
   0081 01                  175 	.db #0x01	; 1
   0082 57                  176 	.db #0x57	; 87	'W'
   0083 FF                  177 	.db #0xff	; 255
   0084 FF                  178 	.db #0xff	; 255
   0085 AB                  179 	.db #0xab	; 171
   0086 02                  180 	.db #0x02	; 2
   0087 00                  181 	.db #0x00	; 0
   0088 00                  182 	.db #0x00	; 0
   0089 01                  183 	.db #0x01	; 1
   008A 57                  184 	.db #0x57	; 87	'W'
   008B FF                  185 	.db #0xff	; 255
   008C FF                  186 	.db #0xff	; 255
   008D AB                  187 	.db #0xab	; 171
   008E 02                  188 	.db #0x02	; 2
   008F 00                  189 	.db #0x00	; 0
   0090 00                  190 	.db #0x00	; 0
   0091 01                  191 	.db #0x01	; 1
   0092 57                  192 	.db #0x57	; 87	'W'
   0093 FF                  193 	.db #0xff	; 255
   0094 FF                  194 	.db #0xff	; 255
   0095 AB                  195 	.db #0xab	; 171
   0096 02                  196 	.db #0x02	; 2
   0097 00                  197 	.db #0x00	; 0
   0098 00                  198 	.db #0x00	; 0
   0099 01                  199 	.db #0x01	; 1
   009A 57                  200 	.db #0x57	; 87	'W'
   009B FF                  201 	.db #0xff	; 255
   009C FF                  202 	.db #0xff	; 255
   009D AB                  203 	.db #0xab	; 171
   009E 02                  204 	.db #0x02	; 2
   009F 00                  205 	.db #0x00	; 0
   00A0 00                  206 	.db #0x00	; 0
   00A1 01                  207 	.db #0x01	; 1
   00A2 03                  208 	.db #0x03	; 3
   00A3 FF                  209 	.db #0xff	; 255
   00A4 FF                  210 	.db #0xff	; 255
   00A5 03                  211 	.db #0x03	; 3
   00A6 02                  212 	.db #0x02	; 2
   00A7 00                  213 	.db #0x00	; 0
   00A8 00                  214 	.db #0x00	; 0
   00A9 00                  215 	.db #0x00	; 0
   00AA 03                  216 	.db #0x03	; 3
   00AB 03                  217 	.db #0x03	; 3
   00AC 03                  218 	.db #0x03	; 3
   00AD 03                  219 	.db #0x03	; 3
   00AE 00                  220 	.db #0x00	; 0
   00AF 00                  221 	.db #0x00	; 0
   00B0 00                  222 	.db #0x00	; 0
   00B1 00                  223 	.db #0x00	; 0
   00B2 01                  224 	.db #0x01	; 1
   00B3 02                  225 	.db #0x02	; 2
   00B4 01                  226 	.db #0x01	; 1
   00B5 02                  227 	.db #0x02	; 2
   00B6 00                  228 	.db #0x00	; 0
   00B7 00                  229 	.db #0x00	; 0
   00B8 00                  230 	.db #0x00	; 0
   00B9 00                  231 	.db #0x00	; 0
   00BA 41                  232 	.db #0x41	; 65	'A'
   00BB C3                  233 	.db #0xc3	; 195
   00BC 00                  234 	.db #0x00	; 0
   00BD C3                  235 	.db #0xc3	; 195
   00BE 82                  236 	.db #0x82	; 130
   00BF 00                  237 	.db #0x00	; 0
   00C0 00                  238 	.db #0x00	; 0
   00C1 00                  239 	.db #0x00	; 0
   00C2 00                  240 	.db #0x00	; 0
   00C3 82                  241 	.db #0x82	; 130
   00C4 00                  242 	.db #0x00	; 0
   00C5 41                  243 	.db #0x41	; 65	'A'
   00C6 00                  244 	.db #0x00	; 0
   00C7 00                  245 	.db #0x00	; 0
   00C8                     246 _spr_pingu_1:
   00C8 00                  247 	.db #0x00	; 0
   00C9 00                  248 	.db #0x00	; 0
   00CA 00                  249 	.db #0x00	; 0
   00CB 00                  250 	.db #0x00	; 0
   00CC 00                  251 	.db #0x00	; 0
   00CD 00                  252 	.db #0x00	; 0
   00CE 00                  253 	.db #0x00	; 0
   00CF 00                  254 	.db #0x00	; 0
   00D0 00                  255 	.db #0x00	; 0
   00D1 00                  256 	.db #0x00	; 0
   00D2 00                  257 	.db #0x00	; 0
   00D3 00                  258 	.db #0x00	; 0
   00D4 00                  259 	.db #0x00	; 0
   00D5 00                  260 	.db #0x00	; 0
   00D6 00                  261 	.db #0x00	; 0
   00D7 00                  262 	.db #0x00	; 0
   00D8 00                  263 	.db #0x00	; 0
   00D9 00                  264 	.db #0x00	; 0
   00DA 00                  265 	.db #0x00	; 0
   00DB 00                  266 	.db #0x00	; 0
   00DC 00                  267 	.db #0x00	; 0
   00DD 00                  268 	.db #0x00	; 0
   00DE 00                  269 	.db #0x00	; 0
   00DF 00                  270 	.db #0x00	; 0
   00E0 00                  271 	.db #0x00	; 0
   00E1 00                  272 	.db #0x00	; 0
   00E2 01                  273 	.db #0x01	; 1
   00E3 03                  274 	.db #0x03	; 3
   00E4 02                  275 	.db #0x02	; 2
   00E5 00                  276 	.db #0x00	; 0
   00E6 00                  277 	.db #0x00	; 0
   00E7 00                  278 	.db #0x00	; 0
   00E8 00                  279 	.db #0x00	; 0
   00E9 00                  280 	.db #0x00	; 0
   00EA 03                  281 	.db #0x03	; 3
   00EB 03                  282 	.db #0x03	; 3
   00EC 03                  283 	.db #0x03	; 3
   00ED 00                  284 	.db #0x00	; 0
   00EE 00                  285 	.db #0x00	; 0
   00EF 00                  286 	.db #0x00	; 0
   00F0 00                  287 	.db #0x00	; 0
   00F1 01                  288 	.db #0x01	; 1
   00F2 57                  289 	.db #0x57	; 87	'W'
   00F3 AB                  290 	.db #0xab	; 171
   00F4 AB                  291 	.db #0xab	; 171
   00F5 02                  292 	.db #0x02	; 2
   00F6 00                  293 	.db #0x00	; 0
   00F7 00                  294 	.db #0x00	; 0
   00F8 00                  295 	.db #0x00	; 0
   00F9 01                  296 	.db #0x01	; 1
   00FA FF                  297 	.db #0xff	; 255
   00FB 55                  298 	.db #0x55	; 85	'U'
   00FC 55                  299 	.db #0x55	; 85	'U'
   00FD 02                  300 	.db #0x02	; 2
   00FE 00                  301 	.db #0x00	; 0
   00FF 00                  302 	.db #0x00	; 0
   0100 00                  303 	.db #0x00	; 0
   0101 03                  304 	.db #0x03	; 3
   0102 FF                  305 	.db #0xff	; 255
   0103 55                  306 	.db #0x55	; 85	'U'
   0104 55                  307 	.db #0x55	; 85	'U'
   0105 03                  308 	.db #0x03	; 3
   0106 00                  309 	.db #0x00	; 0
   0107 00                  310 	.db #0x00	; 0
   0108 00                  311 	.db #0x00	; 0
   0109 03                  312 	.db #0x03	; 3
   010A FF                  313 	.db #0xff	; 255
   010B C3                  314 	.db #0xc3	; 195
   010C D7                  315 	.db #0xd7	; 215
   010D 03                  316 	.db #0x03	; 3
   010E 00                  317 	.db #0x00	; 0
   010F 00                  318 	.db #0x00	; 0
   0110 00                  319 	.db #0x00	; 0
   0111 03                  320 	.db #0x03	; 3
   0112 FF                  321 	.db #0xff	; 255
   0113 C3                  322 	.db #0xc3	; 195
   0114 C3                  323 	.db #0xc3	; 195
   0115 03                  324 	.db #0x03	; 3
   0116 00                  325 	.db #0x00	; 0
   0117 00                  326 	.db #0x00	; 0
   0118 00                  327 	.db #0x00	; 0
   0119 03                  328 	.db #0x03	; 3
   011A 57                  329 	.db #0x57	; 87	'W'
   011B FF                  330 	.db #0xff	; 255
   011C AB                  331 	.db #0xab	; 171
   011D 03                  332 	.db #0x03	; 3
   011E 02                  333 	.db #0x02	; 2
   011F 00                  334 	.db #0x00	; 0
   0120 00                  335 	.db #0x00	; 0
   0121 03                  336 	.db #0x03	; 3
   0122 57                  337 	.db #0x57	; 87	'W'
   0123 FF                  338 	.db #0xff	; 255
   0124 AB                  339 	.db #0xab	; 171
   0125 03                  340 	.db #0x03	; 3
   0126 02                  341 	.db #0x02	; 2
   0127 00                  342 	.db #0x00	; 0
   0128 01                  343 	.db #0x01	; 1
   0129 03                  344 	.db #0x03	; 3
   012A FF                  345 	.db #0xff	; 255
   012B FF                  346 	.db #0xff	; 255
   012C FF                  347 	.db #0xff	; 255
   012D 03                  348 	.db #0x03	; 3
   012E 03                  349 	.db #0x03	; 3
   012F 00                  350 	.db #0x00	; 0
   0130 01                  351 	.db #0x01	; 1
   0131 03                  352 	.db #0x03	; 3
   0132 FF                  353 	.db #0xff	; 255
   0133 FF                  354 	.db #0xff	; 255
   0134 FF                  355 	.db #0xff	; 255
   0135 03                  356 	.db #0x03	; 3
   0136 01                  357 	.db #0x01	; 1
   0137 00                  358 	.db #0x00	; 0
   0138 03                  359 	.db #0x03	; 3
   0139 03                  360 	.db #0x03	; 3
   013A FF                  361 	.db #0xff	; 255
   013B FF                  362 	.db #0xff	; 255
   013C FF                  363 	.db #0xff	; 255
   013D 03                  364 	.db #0x03	; 3
   013E 00                  365 	.db #0x00	; 0
   013F 00                  366 	.db #0x00	; 0
   0140 02                  367 	.db #0x02	; 2
   0141 03                  368 	.db #0x03	; 3
   0142 FF                  369 	.db #0xff	; 255
   0143 FF                  370 	.db #0xff	; 255
   0144 FF                  371 	.db #0xff	; 255
   0145 03                  372 	.db #0x03	; 3
   0146 00                  373 	.db #0x00	; 0
   0147 00                  374 	.db #0x00	; 0
   0148 02                  375 	.db #0x02	; 2
   0149 03                  376 	.db #0x03	; 3
   014A FF                  377 	.db #0xff	; 255
   014B FF                  378 	.db #0xff	; 255
   014C FF                  379 	.db #0xff	; 255
   014D 03                  380 	.db #0x03	; 3
   014E 00                  381 	.db #0x00	; 0
   014F 00                  382 	.db #0x00	; 0
   0150 00                  383 	.db #0x00	; 0
   0151 03                  384 	.db #0x03	; 3
   0152 FF                  385 	.db #0xff	; 255
   0153 FF                  386 	.db #0xff	; 255
   0154 FF                  387 	.db #0xff	; 255
   0155 C3                  388 	.db #0xc3	; 195
   0156 00                  389 	.db #0x00	; 0
   0157 00                  390 	.db #0x00	; 0
   0158 00                  391 	.db #0x00	; 0
   0159 03                  392 	.db #0x03	; 3
   015A FF                  393 	.db #0xff	; 255
   015B FF                  394 	.db #0xff	; 255
   015C AB                  395 	.db #0xab	; 171
   015D C3                  396 	.db #0xc3	; 195
   015E 82                  397 	.db #0x82	; 130
   015F 00                  398 	.db #0x00	; 0
   0160 00                  399 	.db #0x00	; 0
   0161 01                  400 	.db #0x01	; 1
   0162 57                  401 	.db #0x57	; 87	'W'
   0163 FF                  402 	.db #0xff	; 255
   0164 AB                  403 	.db #0xab	; 171
   0165 C3                  404 	.db #0xc3	; 195
   0166 00                  405 	.db #0x00	; 0
   0167 00                  406 	.db #0x00	; 0
   0168 00                  407 	.db #0x00	; 0
   0169 00                  408 	.db #0x00	; 0
   016A 03                  409 	.db #0x03	; 3
   016B 03                  410 	.db #0x03	; 3
   016C 03                  411 	.db #0x03	; 3
   016D 00                  412 	.db #0x00	; 0
   016E 00                  413 	.db #0x00	; 0
   016F 00                  414 	.db #0x00	; 0
   0170 00                  415 	.db #0x00	; 0
   0171 00                  416 	.db #0x00	; 0
   0172 01                  417 	.db #0x01	; 1
   0173 02                  418 	.db #0x02	; 2
   0174 00                  419 	.db #0x00	; 0
   0175 00                  420 	.db #0x00	; 0
   0176 00                  421 	.db #0x00	; 0
   0177 00                  422 	.db #0x00	; 0
   0178 00                  423 	.db #0x00	; 0
   0179 00                  424 	.db #0x00	; 0
   017A 41                  425 	.db #0x41	; 65	'A'
   017B C3                  426 	.db #0xc3	; 195
   017C 00                  427 	.db #0x00	; 0
   017D 00                  428 	.db #0x00	; 0
   017E 00                  429 	.db #0x00	; 0
   017F 00                  430 	.db #0x00	; 0
   0180 00                  431 	.db #0x00	; 0
   0181 00                  432 	.db #0x00	; 0
   0182 00                  433 	.db #0x00	; 0
   0183 82                  434 	.db #0x82	; 130
   0184 00                  435 	.db #0x00	; 0
   0185 00                  436 	.db #0x00	; 0
   0186 00                  437 	.db #0x00	; 0
   0187 00                  438 	.db #0x00	; 0
   0188                     439 _spr_pingu_2:
   0188 00                  440 	.db #0x00	; 0
   0189 00                  441 	.db #0x00	; 0
   018A 00                  442 	.db #0x00	; 0
   018B 00                  443 	.db #0x00	; 0
   018C 00                  444 	.db #0x00	; 0
   018D 00                  445 	.db #0x00	; 0
   018E 00                  446 	.db #0x00	; 0
   018F 00                  447 	.db #0x00	; 0
   0190 00                  448 	.db #0x00	; 0
   0191 00                  449 	.db #0x00	; 0
   0192 00                  450 	.db #0x00	; 0
   0193 00                  451 	.db #0x00	; 0
   0194 00                  452 	.db #0x00	; 0
   0195 00                  453 	.db #0x00	; 0
   0196 00                  454 	.db #0x00	; 0
   0197 00                  455 	.db #0x00	; 0
   0198 00                  456 	.db #0x00	; 0
   0199 00                  457 	.db #0x00	; 0
   019A 00                  458 	.db #0x00	; 0
   019B 00                  459 	.db #0x00	; 0
   019C 00                  460 	.db #0x00	; 0
   019D 00                  461 	.db #0x00	; 0
   019E 00                  462 	.db #0x00	; 0
   019F 00                  463 	.db #0x00	; 0
   01A0 00                  464 	.db #0x00	; 0
   01A1 00                  465 	.db #0x00	; 0
   01A2 00                  466 	.db #0x00	; 0
   01A3 00                  467 	.db #0x00	; 0
   01A4 00                  468 	.db #0x00	; 0
   01A5 00                  469 	.db #0x00	; 0
   01A6 00                  470 	.db #0x00	; 0
   01A7 00                  471 	.db #0x00	; 0
   01A8 00                  472 	.db #0x00	; 0
   01A9 00                  473 	.db #0x00	; 0
   01AA 00                  474 	.db #0x00	; 0
   01AB 03                  475 	.db #0x03	; 3
   01AC 03                  476 	.db #0x03	; 3
   01AD 00                  477 	.db #0x00	; 0
   01AE 00                  478 	.db #0x00	; 0
   01AF 00                  479 	.db #0x00	; 0
   01B0 00                  480 	.db #0x00	; 0
   01B1 00                  481 	.db #0x00	; 0
   01B2 01                  482 	.db #0x01	; 1
   01B3 03                  483 	.db #0x03	; 3
   01B4 03                  484 	.db #0x03	; 3
   01B5 02                  485 	.db #0x02	; 2
   01B6 00                  486 	.db #0x00	; 0
   01B7 00                  487 	.db #0x00	; 0
   01B8 00                  488 	.db #0x00	; 0
   01B9 00                  489 	.db #0x00	; 0
   01BA 03                  490 	.db #0x03	; 3
   01BB FF                  491 	.db #0xff	; 255
   01BC 57                  492 	.db #0x57	; 87	'W'
   01BD 03                  493 	.db #0x03	; 3
   01BE 00                  494 	.db #0x00	; 0
   01BF 00                  495 	.db #0x00	; 0
   01C0 00                  496 	.db #0x00	; 0
   01C1 00                  497 	.db #0x00	; 0
   01C2 57                  498 	.db #0x57	; 87	'W'
   01C3 AA                  499 	.db #0xaa	; 170
   01C4 AA                  500 	.db #0xaa	; 170
   01C5 AB                  501 	.db #0xab	; 171
   01C6 00                  502 	.db #0x00	; 0
   01C7 00                  503 	.db #0x00	; 0
   01C8 00                  504 	.db #0x00	; 0
   01C9 01                  505 	.db #0x01	; 1
   01CA 57                  506 	.db #0x57	; 87	'W'
   01CB AA                  507 	.db #0xaa	; 170
   01CC AA                  508 	.db #0xaa	; 170
   01CD AB                  509 	.db #0xab	; 171
   01CE 02                  510 	.db #0x02	; 2
   01CF 00                  511 	.db #0x00	; 0
   01D0 00                  512 	.db #0x00	; 0
   01D1 01                  513 	.db #0x01	; 1
   01D2 57                  514 	.db #0x57	; 87	'W'
   01D3 EB                  515 	.db #0xeb	; 235
   01D4 C3                  516 	.db #0xc3	; 195
   01D5 AB                  517 	.db #0xab	; 171
   01D6 02                  518 	.db #0x02	; 2
   01D7 00                  519 	.db #0x00	; 0
   01D8 00                  520 	.db #0x00	; 0
   01D9 01                  521 	.db #0x01	; 1
   01DA 57                  522 	.db #0x57	; 87	'W'
   01DB EB                  523 	.db #0xeb	; 235
   01DC C3                  524 	.db #0xc3	; 195
   01DD 83                  525 	.db #0x83	; 131
   01DE 02                  526 	.db #0x02	; 2
   01DF 00                  527 	.db #0x00	; 0
   01E0 00                  528 	.db #0x00	; 0
   01E1 03                  529 	.db #0x03	; 3
   01E2 03                  530 	.db #0x03	; 3
   01E3 FF                  531 	.db #0xff	; 255
   01E4 FF                  532 	.db #0xff	; 255
   01E5 03                  533 	.db #0x03	; 3
   01E6 03                  534 	.db #0x03	; 3
   01E7 00                  535 	.db #0x00	; 0
   01E8 00                  536 	.db #0x00	; 0
   01E9 03                  537 	.db #0x03	; 3
   01EA 03                  538 	.db #0x03	; 3
   01EB FF                  539 	.db #0xff	; 255
   01EC FF                  540 	.db #0xff	; 255
   01ED 03                  541 	.db #0x03	; 3
   01EE 03                  542 	.db #0x03	; 3
   01EF 00                  543 	.db #0x00	; 0
   01F0 01                  544 	.db #0x01	; 1
   01F1 03                  545 	.db #0x03	; 3
   01F2 57                  546 	.db #0x57	; 87	'W'
   01F3 FF                  547 	.db #0xff	; 255
   01F4 FF                  548 	.db #0xff	; 255
   01F5 AB                  549 	.db #0xab	; 171
   01F6 03                  550 	.db #0x03	; 3
   01F7 02                  551 	.db #0x02	; 2
   01F8 01                  552 	.db #0x01	; 1
   01F9 01                  553 	.db #0x01	; 1
   01FA 57                  554 	.db #0x57	; 87	'W'
   01FB FF                  555 	.db #0xff	; 255
   01FC FF                  556 	.db #0xff	; 255
   01FD AB                  557 	.db #0xab	; 171
   01FE 02                  558 	.db #0x02	; 2
   01FF 02                  559 	.db #0x02	; 2
   0200 00                  560 	.db #0x00	; 0
   0201 01                  561 	.db #0x01	; 1
   0202 57                  562 	.db #0x57	; 87	'W'
   0203 FF                  563 	.db #0xff	; 255
   0204 FF                  564 	.db #0xff	; 255
   0205 AB                  565 	.db #0xab	; 171
   0206 02                  566 	.db #0x02	; 2
   0207 00                  567 	.db #0x00	; 0
   0208 00                  568 	.db #0x00	; 0
   0209 01                  569 	.db #0x01	; 1
   020A 57                  570 	.db #0x57	; 87	'W'
   020B FF                  571 	.db #0xff	; 255
   020C FF                  572 	.db #0xff	; 255
   020D AB                  573 	.db #0xab	; 171
   020E 02                  574 	.db #0x02	; 2
   020F 00                  575 	.db #0x00	; 0
   0210 00                  576 	.db #0x00	; 0
   0211 01                  577 	.db #0x01	; 1
   0212 57                  578 	.db #0x57	; 87	'W'
   0213 FF                  579 	.db #0xff	; 255
   0214 FF                  580 	.db #0xff	; 255
   0215 AB                  581 	.db #0xab	; 171
   0216 02                  582 	.db #0x02	; 2
   0217 00                  583 	.db #0x00	; 0
   0218 00                  584 	.db #0x00	; 0
   0219 01                  585 	.db #0x01	; 1
   021A 57                  586 	.db #0x57	; 87	'W'
   021B FF                  587 	.db #0xff	; 255
   021C FF                  588 	.db #0xff	; 255
   021D AB                  589 	.db #0xab	; 171
   021E 02                  590 	.db #0x02	; 2
   021F 00                  591 	.db #0x00	; 0
   0220 00                  592 	.db #0x00	; 0
   0221 01                  593 	.db #0x01	; 1
   0222 03                  594 	.db #0x03	; 3
   0223 FF                  595 	.db #0xff	; 255
   0224 FF                  596 	.db #0xff	; 255
   0225 03                  597 	.db #0x03	; 3
   0226 02                  598 	.db #0x02	; 2
   0227 00                  599 	.db #0x00	; 0
   0228 00                  600 	.db #0x00	; 0
   0229 00                  601 	.db #0x00	; 0
   022A 03                  602 	.db #0x03	; 3
   022B 03                  603 	.db #0x03	; 3
   022C 03                  604 	.db #0x03	; 3
   022D 03                  605 	.db #0x03	; 3
   022E 00                  606 	.db #0x00	; 0
   022F 00                  607 	.db #0x00	; 0
   0230 00                  608 	.db #0x00	; 0
   0231 00                  609 	.db #0x00	; 0
   0232 01                  610 	.db #0x01	; 1
   0233 02                  611 	.db #0x02	; 2
   0234 01                  612 	.db #0x01	; 1
   0235 02                  613 	.db #0x02	; 2
   0236 00                  614 	.db #0x00	; 0
   0237 00                  615 	.db #0x00	; 0
   0238 00                  616 	.db #0x00	; 0
   0239 00                  617 	.db #0x00	; 0
   023A 41                  618 	.db #0x41	; 65	'A'
   023B C3                  619 	.db #0xc3	; 195
   023C 00                  620 	.db #0x00	; 0
   023D C3                  621 	.db #0xc3	; 195
   023E 82                  622 	.db #0x82	; 130
   023F 00                  623 	.db #0x00	; 0
   0240 00                  624 	.db #0x00	; 0
   0241 00                  625 	.db #0x00	; 0
   0242 00                  626 	.db #0x00	; 0
   0243 82                  627 	.db #0x82	; 130
   0244 00                  628 	.db #0x00	; 0
   0245 41                  629 	.db #0x41	; 65	'A'
   0246 00                  630 	.db #0x00	; 0
   0247 00                  631 	.db #0x00	; 0
   0248                     632 _spr_pingu_3:
   0248 00                  633 	.db #0x00	; 0
   0249 00                  634 	.db #0x00	; 0
   024A 00                  635 	.db #0x00	; 0
   024B 00                  636 	.db #0x00	; 0
   024C 00                  637 	.db #0x00	; 0
   024D 00                  638 	.db #0x00	; 0
   024E 00                  639 	.db #0x00	; 0
   024F 00                  640 	.db #0x00	; 0
   0250 00                  641 	.db #0x00	; 0
   0251 00                  642 	.db #0x00	; 0
   0252 00                  643 	.db #0x00	; 0
   0253 00                  644 	.db #0x00	; 0
   0254 00                  645 	.db #0x00	; 0
   0255 00                  646 	.db #0x00	; 0
   0256 00                  647 	.db #0x00	; 0
   0257 00                  648 	.db #0x00	; 0
   0258 00                  649 	.db #0x00	; 0
   0259 00                  650 	.db #0x00	; 0
   025A 00                  651 	.db #0x00	; 0
   025B 00                  652 	.db #0x00	; 0
   025C 00                  653 	.db #0x00	; 0
   025D 00                  654 	.db #0x00	; 0
   025E 00                  655 	.db #0x00	; 0
   025F 00                  656 	.db #0x00	; 0
   0260 00                  657 	.db #0x00	; 0
   0261 00                  658 	.db #0x00	; 0
   0262 00                  659 	.db #0x00	; 0
   0263 01                  660 	.db #0x01	; 1
   0264 03                  661 	.db #0x03	; 3
   0265 02                  662 	.db #0x02	; 2
   0266 00                  663 	.db #0x00	; 0
   0267 00                  664 	.db #0x00	; 0
   0268 00                  665 	.db #0x00	; 0
   0269 00                  666 	.db #0x00	; 0
   026A 00                  667 	.db #0x00	; 0
   026B 03                  668 	.db #0x03	; 3
   026C 03                  669 	.db #0x03	; 3
   026D 03                  670 	.db #0x03	; 3
   026E 00                  671 	.db #0x00	; 0
   026F 00                  672 	.db #0x00	; 0
   0270 00                  673 	.db #0x00	; 0
   0271 00                  674 	.db #0x00	; 0
   0272 01                  675 	.db #0x01	; 1
   0273 57                  676 	.db #0x57	; 87	'W'
   0274 AB                  677 	.db #0xab	; 171
   0275 AB                  678 	.db #0xab	; 171
   0276 02                  679 	.db #0x02	; 2
   0277 00                  680 	.db #0x00	; 0
   0278 00                  681 	.db #0x00	; 0
   0279 00                  682 	.db #0x00	; 0
   027A 01                  683 	.db #0x01	; 1
   027B FF                  684 	.db #0xff	; 255
   027C 55                  685 	.db #0x55	; 85	'U'
   027D 55                  686 	.db #0x55	; 85	'U'
   027E 02                  687 	.db #0x02	; 2
   027F 00                  688 	.db #0x00	; 0
   0280 00                  689 	.db #0x00	; 0
   0281 00                  690 	.db #0x00	; 0
   0282 03                  691 	.db #0x03	; 3
   0283 FF                  692 	.db #0xff	; 255
   0284 55                  693 	.db #0x55	; 85	'U'
   0285 55                  694 	.db #0x55	; 85	'U'
   0286 03                  695 	.db #0x03	; 3
   0287 00                  696 	.db #0x00	; 0
   0288 00                  697 	.db #0x00	; 0
   0289 00                  698 	.db #0x00	; 0
   028A 03                  699 	.db #0x03	; 3
   028B FF                  700 	.db #0xff	; 255
   028C C3                  701 	.db #0xc3	; 195
   028D D7                  702 	.db #0xd7	; 215
   028E 03                  703 	.db #0x03	; 3
   028F 00                  704 	.db #0x00	; 0
   0290 00                  705 	.db #0x00	; 0
   0291 00                  706 	.db #0x00	; 0
   0292 03                  707 	.db #0x03	; 3
   0293 FF                  708 	.db #0xff	; 255
   0294 C3                  709 	.db #0xc3	; 195
   0295 C3                  710 	.db #0xc3	; 195
   0296 03                  711 	.db #0x03	; 3
   0297 00                  712 	.db #0x00	; 0
   0298 00                  713 	.db #0x00	; 0
   0299 01                  714 	.db #0x01	; 1
   029A 03                  715 	.db #0x03	; 3
   029B 57                  716 	.db #0x57	; 87	'W'
   029C FF                  717 	.db #0xff	; 255
   029D AB                  718 	.db #0xab	; 171
   029E 03                  719 	.db #0x03	; 3
   029F 00                  720 	.db #0x00	; 0
   02A0 00                  721 	.db #0x00	; 0
   02A1 01                  722 	.db #0x01	; 1
   02A2 03                  723 	.db #0x03	; 3
   02A3 57                  724 	.db #0x57	; 87	'W'
   02A4 FF                  725 	.db #0xff	; 255
   02A5 AB                  726 	.db #0xab	; 171
   02A6 03                  727 	.db #0x03	; 3
   02A7 00                  728 	.db #0x00	; 0
   02A8 00                  729 	.db #0x00	; 0
   02A9 03                  730 	.db #0x03	; 3
   02AA 03                  731 	.db #0x03	; 3
   02AB FF                  732 	.db #0xff	; 255
   02AC FF                  733 	.db #0xff	; 255
   02AD FF                  734 	.db #0xff	; 255
   02AE 03                  735 	.db #0x03	; 3
   02AF 02                  736 	.db #0x02	; 2
   02B0 00                  737 	.db #0x00	; 0
   02B1 02                  738 	.db #0x02	; 2
   02B2 03                  739 	.db #0x03	; 3
   02B3 FF                  740 	.db #0xff	; 255
   02B4 FF                  741 	.db #0xff	; 255
   02B5 FF                  742 	.db #0xff	; 255
   02B6 03                  743 	.db #0x03	; 3
   02B7 03                  744 	.db #0x03	; 3
   02B8 00                  745 	.db #0x00	; 0
   02B9 00                  746 	.db #0x00	; 0
   02BA 03                  747 	.db #0x03	; 3
   02BB FF                  748 	.db #0xff	; 255
   02BC FF                  749 	.db #0xff	; 255
   02BD FF                  750 	.db #0xff	; 255
   02BE 03                  751 	.db #0x03	; 3
   02BF 03                  752 	.db #0x03	; 3
   02C0 00                  753 	.db #0x00	; 0
   02C1 00                  754 	.db #0x00	; 0
   02C2 03                  755 	.db #0x03	; 3
   02C3 FF                  756 	.db #0xff	; 255
   02C4 FF                  757 	.db #0xff	; 255
   02C5 FF                  758 	.db #0xff	; 255
   02C6 03                  759 	.db #0x03	; 3
   02C7 01                  760 	.db #0x01	; 1
   02C8 00                  761 	.db #0x00	; 0
   02C9 00                  762 	.db #0x00	; 0
   02CA 03                  763 	.db #0x03	; 3
   02CB FF                  764 	.db #0xff	; 255
   02CC FF                  765 	.db #0xff	; 255
   02CD FF                  766 	.db #0xff	; 255
   02CE 03                  767 	.db #0x03	; 3
   02CF 01                  768 	.db #0x01	; 1
   02D0 00                  769 	.db #0x00	; 0
   02D1 00                  770 	.db #0x00	; 0
   02D2 03                  771 	.db #0x03	; 3
   02D3 C3                  772 	.db #0xc3	; 195
   02D4 FF                  773 	.db #0xff	; 255
   02D5 FF                  774 	.db #0xff	; 255
   02D6 03                  775 	.db #0x03	; 3
   02D7 00                  776 	.db #0x00	; 0
   02D8 00                  777 	.db #0x00	; 0
   02D9 00                  778 	.db #0x00	; 0
   02DA 03                  779 	.db #0x03	; 3
   02DB C3                  780 	.db #0xc3	; 195
   02DC D7                  781 	.db #0xd7	; 215
   02DD FF                  782 	.db #0xff	; 255
   02DE 03                  783 	.db #0x03	; 3
   02DF 00                  784 	.db #0x00	; 0
   02E0 00                  785 	.db #0x00	; 0
   02E1 00                  786 	.db #0x00	; 0
   02E2 03                  787 	.db #0x03	; 3
   02E3 C3                  788 	.db #0xc3	; 195
   02E4 FF                  789 	.db #0xff	; 255
   02E5 AB                  790 	.db #0xab	; 171
   02E6 02                  791 	.db #0x02	; 2
   02E7 00                  792 	.db #0x00	; 0
   02E8 00                  793 	.db #0x00	; 0
   02E9 00                  794 	.db #0x00	; 0
   02EA 01                  795 	.db #0x01	; 1
   02EB 03                  796 	.db #0x03	; 3
   02EC 03                  797 	.db #0x03	; 3
   02ED 03                  798 	.db #0x03	; 3
   02EE 00                  799 	.db #0x00	; 0
   02EF 00                  800 	.db #0x00	; 0
   02F0 00                  801 	.db #0x00	; 0
   02F1 00                  802 	.db #0x00	; 0
   02F2 00                  803 	.db #0x00	; 0
   02F3 00                  804 	.db #0x00	; 0
   02F4 01                  805 	.db #0x01	; 1
   02F5 02                  806 	.db #0x02	; 2
   02F6 00                  807 	.db #0x00	; 0
   02F7 00                  808 	.db #0x00	; 0
   02F8 00                  809 	.db #0x00	; 0
   02F9 00                  810 	.db #0x00	; 0
   02FA 00                  811 	.db #0x00	; 0
   02FB 00                  812 	.db #0x00	; 0
   02FC 00                  813 	.db #0x00	; 0
   02FD C3                  814 	.db #0xc3	; 195
   02FE 82                  815 	.db #0x82	; 130
   02FF 00                  816 	.db #0x00	; 0
   0300 00                  817 	.db #0x00	; 0
   0301 00                  818 	.db #0x00	; 0
   0302 00                  819 	.db #0x00	; 0
   0303 00                  820 	.db #0x00	; 0
   0304 00                  821 	.db #0x00	; 0
   0305 41                  822 	.db #0x41	; 65	'A'
   0306 00                  823 	.db #0x00	; 0
   0307 00                  824 	.db #0x00	; 0
                            825 	.area _INITIALIZER
                            826 	.area _CABS (ABS)
