                              1 ;--------------------------------------------------------
                              2 ; File Created by SDCC : free open source ANSI-C Compiler
                              3 ; Version 3.6.8 #9946 (Linux)
                              4 ;--------------------------------------------------------
                              5 	.module tilemap
                              6 	.optsdcc -mz80
                              7 	
                              8 ;--------------------------------------------------------
                              9 ; Public variables in this module
                             10 ;--------------------------------------------------------
                             11 	.globl _tile_tilemap_11
                             12 	.globl _tile_tilemap_10
                             13 	.globl _tile_tilemap_09
                             14 	.globl _tile_tilemap_08
                             15 	.globl _tile_tilemap_07
                             16 	.globl _tile_tilemap_06
                             17 	.globl _tile_tilemap_05
                             18 	.globl _tile_tilemap_04
                             19 	.globl _tile_tilemap_03
                             20 	.globl _tile_tilemap_02
                             21 	.globl _tile_tilemap_01
                             22 	.globl _tile_tilemap_00
                             23 ;--------------------------------------------------------
                             24 ; special function registers
                             25 ;--------------------------------------------------------
                             26 ;--------------------------------------------------------
                             27 ; ram data
                             28 ;--------------------------------------------------------
                             29 	.area _DATA
                             30 ;--------------------------------------------------------
                             31 ; ram data
                             32 ;--------------------------------------------------------
                             33 	.area _INITIALIZED
                             34 ;--------------------------------------------------------
                             35 ; absolute external ram data
                             36 ;--------------------------------------------------------
                             37 	.area _DABS (ABS)
                             38 ;--------------------------------------------------------
                             39 ; global & static initialisations
                             40 ;--------------------------------------------------------
                             41 	.area _HOME
                             42 	.area _GSINIT
                             43 	.area _GSFINAL
                             44 	.area _GSINIT
                             45 ;--------------------------------------------------------
                             46 ; Home
                             47 ;--------------------------------------------------------
                             48 	.area _HOME
                             49 	.area _HOME
                             50 ;--------------------------------------------------------
                             51 ; code
                             52 ;--------------------------------------------------------
                             53 	.area _CODE
                             54 	.area _CODE
   0000                      55 _tile_tilemap_00:
   0000 FF                   56 	.db #0xff	; 255
   0001 FF                   57 	.db #0xff	; 255
   0002 FF                   58 	.db #0xff	; 255
   0003 FF                   59 	.db #0xff	; 255
   0004 FF                   60 	.db #0xff	; 255
   0005 FF                   61 	.db #0xff	; 255
   0006 FF                   62 	.db #0xff	; 255
   0007 FF                   63 	.db #0xff	; 255
   0008 3F                   64 	.db #0x3f	; 63
   0009 7F                   65 	.db #0x7f	; 127
   000A 3F                   66 	.db #0x3f	; 63
   000B 3F                   67 	.db #0x3f	; 63
   000C FF                   68 	.db #0xff	; 255
   000D BF                   69 	.db #0xbf	; 191
   000E FF                   70 	.db #0xff	; 255
   000F 7F                   71 	.db #0x7f	; 127
   0010 BD                   72 	.db #0xbd	; 189
   0011 BD                   73 	.db #0xbd	; 189
   0012 FC                   74 	.db #0xfc	; 252
   0013 FC                   75 	.db #0xfc	; 252
   0014 7E                   76 	.db #0x7e	; 126
   0015 FC                   77 	.db #0xfc	; 252
   0016 FC                   78 	.db #0xfc	; 252
   0017 FC                   79 	.db #0xfc	; 252
   0018 FC                   80 	.db #0xfc	; 252
   0019 3F                   81 	.db #0x3f	; 63
   001A BD                   82 	.db #0xbd	; 189
   001B 7E                   83 	.db #0x7e	; 126
   001C BF                   84 	.db #0xbf	; 191
   001D 3F                   85 	.db #0x3f	; 63
   001E 3F                   86 	.db #0x3f	; 63
   001F BD                   87 	.db #0xbd	; 189
   0020                      88 _tile_tilemap_01:
   0020 FF                   89 	.db #0xff	; 255
   0021 FF                   90 	.db #0xff	; 255
   0022 FF                   91 	.db #0xff	; 255
   0023 FF                   92 	.db #0xff	; 255
   0024 FC                   93 	.db #0xfc	; 252
   0025 FC                   94 	.db #0xfc	; 252
   0026 FC                   95 	.db #0xfc	; 252
   0027 FC                   96 	.db #0xfc	; 252
   0028 F8                   97 	.db #0xf8	; 248
   0029 D4                   98 	.db #0xd4	; 212
   002A F8                   99 	.db #0xf8	; 248
   002B D4                  100 	.db #0xd4	; 212
   002C D4                  101 	.db #0xd4	; 212
   002D FC                  102 	.db #0xfc	; 252
   002E FC                  103 	.db #0xfc	; 252
   002F FC                  104 	.db #0xfc	; 252
   0030 F0                  105 	.db #0xf0	; 240
   0031 F0                  106 	.db #0xf0	; 240
   0032 D0                  107 	.db #0xd0	; 208
   0033 F0                  108 	.db #0xf0	; 240
   0034 F0                  109 	.db #0xf0	; 240
   0035 D0                  110 	.db #0xd0	; 208
   0036 F0                  111 	.db #0xf0	; 240
   0037 F0                  112 	.db #0xf0	; 240
   0038 F0                  113 	.db #0xf0	; 240
   0039 F0                  114 	.db #0xf0	; 240
   003A F0                  115 	.db #0xf0	; 240
   003B F0                  116 	.db #0xf0	; 240
   003C FC                  117 	.db #0xfc	; 252
   003D F0                  118 	.db #0xf0	; 240
   003E D0                  119 	.db #0xd0	; 208
   003F F0                  120 	.db #0xf0	; 240
   0040                     121 _tile_tilemap_02:
   0040 28                  122 	.db #0x28	; 40
   0041 28                  123 	.db #0x28	; 40
   0042 28                  124 	.db #0x28	; 40
   0043 28                  125 	.db #0x28	; 40
   0044 00                  126 	.db #0x00	; 0
   0045 00                  127 	.db #0x00	; 0
   0046 00                  128 	.db #0x00	; 0
   0047 00                  129 	.db #0x00	; 0
   0048 3C                  130 	.db #0x3c	; 60
   0049 3C                  131 	.db #0x3c	; 60
   004A 3C                  132 	.db #0x3c	; 60
   004B 3C                  133 	.db #0x3c	; 60
   004C 3C                  134 	.db #0x3c	; 60
   004D 3C                  135 	.db #0x3c	; 60
   004E 3C                  136 	.db #0x3c	; 60
   004F 3C                  137 	.db #0x3c	; 60
   0050 03                  138 	.db #0x03	; 3
   0051 03                  139 	.db #0x03	; 3
   0052 03                  140 	.db #0x03	; 3
   0053 03                  141 	.db #0x03	; 3
   0054 03                  142 	.db #0x03	; 3
   0055 03                  143 	.db #0x03	; 3
   0056 03                  144 	.db #0x03	; 3
   0057 03                  145 	.db #0x03	; 3
   0058 03                  146 	.db #0x03	; 3
   0059 03                  147 	.db #0x03	; 3
   005A 03                  148 	.db #0x03	; 3
   005B 03                  149 	.db #0x03	; 3
   005C 00                  150 	.db #0x00	; 0
   005D 00                  151 	.db #0x00	; 0
   005E 00                  152 	.db #0x00	; 0
   005F 00                  153 	.db #0x00	; 0
   0060                     154 _tile_tilemap_03:
   0060 03                  155 	.db #0x03	; 3
   0061 53                  156 	.db #0x53	; 83	'S'
   0062 21                  157 	.db #0x21	; 33
   0063 03                  158 	.db #0x03	; 3
   0064 03                  159 	.db #0x03	; 3
   0065 A3                  160 	.db #0xa3	; 163
   0066 12                  161 	.db #0x12	; 18
   0067 03                  162 	.db #0x03	; 3
   0068 03                  163 	.db #0x03	; 3
   0069 B2                  164 	.db #0xb2	; 178
   006A B2                  165 	.db #0xb2	; 178
   006B 03                  166 	.db #0x03	; 3
   006C 03                  167 	.db #0x03	; 3
   006D 21                  168 	.db #0x21	; 33
   006E 12                  169 	.db #0x12	; 18
   006F 03                  170 	.db #0x03	; 3
   0070 12                  171 	.db #0x12	; 18
   0071 B2                  172 	.db #0xb2	; 178
   0072 B2                  173 	.db #0xb2	; 178
   0073 A3                  174 	.db #0xa3	; 163
   0074 21                  175 	.db #0x21	; 33
   0075 71                  176 	.db #0x71	; 113	'q'
   0076 71                  177 	.db #0x71	; 113	'q'
   0077 53                  178 	.db #0x53	; 83	'S'
   0078 03                  179 	.db #0x03	; 3
   0079 30                  180 	.db #0x30	; 48	'0'
   007A 30                  181 	.db #0x30	; 48	'0'
   007B 03                  182 	.db #0x03	; 3
   007C 03                  183 	.db #0x03	; 3
   007D 71                  184 	.db #0x71	; 113	'q'
   007E 71                  185 	.db #0x71	; 113	'q'
   007F 03                  186 	.db #0x03	; 3
   0080                     187 _tile_tilemap_04:
   0080 BD                  188 	.db #0xbd	; 189
   0081 FC                  189 	.db #0xfc	; 252
   0082 FC                  190 	.db #0xfc	; 252
   0083 FC                  191 	.db #0xfc	; 252
   0084 FC                  192 	.db #0xfc	; 252
   0085 FC                  193 	.db #0xfc	; 252
   0086 E8                  194 	.db #0xe8	; 232
   0087 FC                  195 	.db #0xfc	; 252
   0088 C0                  196 	.db #0xc0	; 192
   0089 D4                  197 	.db #0xd4	; 212
   008A C0                  198 	.db #0xc0	; 192
   008B C0                  199 	.db #0xc0	; 192
   008C D4                  200 	.db #0xd4	; 212
   008D E8                  201 	.db #0xe8	; 232
   008E C0                  202 	.db #0xc0	; 192
   008F D4                  203 	.db #0xd4	; 212
   0090 C0                  204 	.db #0xc0	; 192
   0091 C0                  205 	.db #0xc0	; 192
   0092 C0                  206 	.db #0xc0	; 192
   0093 C0                  207 	.db #0xc0	; 192
   0094 C0                  208 	.db #0xc0	; 192
   0095 C0                  209 	.db #0xc0	; 192
   0096 C0                  210 	.db #0xc0	; 192
   0097 C0                  211 	.db #0xc0	; 192
   0098 C0                  212 	.db #0xc0	; 192
   0099 C0                  213 	.db #0xc0	; 192
   009A C0                  214 	.db #0xc0	; 192
   009B C0                  215 	.db #0xc0	; 192
   009C E8                  216 	.db #0xe8	; 232
   009D C0                  217 	.db #0xc0	; 192
   009E C0                  218 	.db #0xc0	; 192
   009F D4                  219 	.db #0xd4	; 212
   00A0                     220 _tile_tilemap_05:
   00A0 F0                  221 	.db #0xf0	; 240
   00A1 F0                  222 	.db #0xf0	; 240
   00A2 F0                  223 	.db #0xf0	; 240
   00A3 F0                  224 	.db #0xf0	; 240
   00A4 F0                  225 	.db #0xf0	; 240
   00A5 F0                  226 	.db #0xf0	; 240
   00A6 F0                  227 	.db #0xf0	; 240
   00A7 F0                  228 	.db #0xf0	; 240
   00A8 F0                  229 	.db #0xf0	; 240
   00A9 D0                  230 	.db #0xd0	; 208
   00AA F0                  231 	.db #0xf0	; 240
   00AB D0                  232 	.db #0xd0	; 208
   00AC D0                  233 	.db #0xd0	; 208
   00AD F0                  234 	.db #0xf0	; 240
   00AE F0                  235 	.db #0xf0	; 240
   00AF F0                  236 	.db #0xf0	; 240
   00B0 F0                  237 	.db #0xf0	; 240
   00B1 F0                  238 	.db #0xf0	; 240
   00B2 D0                  239 	.db #0xd0	; 208
   00B3 F0                  240 	.db #0xf0	; 240
   00B4 F0                  241 	.db #0xf0	; 240
   00B5 D0                  242 	.db #0xd0	; 208
   00B6 F0                  243 	.db #0xf0	; 240
   00B7 F0                  244 	.db #0xf0	; 240
   00B8 F0                  245 	.db #0xf0	; 240
   00B9 F0                  246 	.db #0xf0	; 240
   00BA F0                  247 	.db #0xf0	; 240
   00BB F0                  248 	.db #0xf0	; 240
   00BC F0                  249 	.db #0xf0	; 240
   00BD F0                  250 	.db #0xf0	; 240
   00BE D0                  251 	.db #0xd0	; 208
   00BF F0                  252 	.db #0xf0	; 240
   00C0                     253 _tile_tilemap_06:
   00C0 03                  254 	.db #0x03	; 3
   00C1 03                  255 	.db #0x03	; 3
   00C2 03                  256 	.db #0x03	; 3
   00C3 03                  257 	.db #0x03	; 3
   00C4 03                  258 	.db #0x03	; 3
   00C5 A3                  259 	.db #0xa3	; 163
   00C6 53                  260 	.db #0x53	; 83	'S'
   00C7 03                  261 	.db #0x03	; 3
   00C8 3C                  262 	.db #0x3c	; 60
   00C9 79                  263 	.db #0x79	; 121	'y'
   00CA B6                  264 	.db #0xb6	; 182
   00CB 3C                  265 	.db #0x3c	; 60
   00CC 29                  266 	.db #0x29	; 41
   00CD F3                  267 	.db #0xf3	; 243
   00CE F3                  268 	.db #0xf3	; 243
   00CF 16                  269 	.db #0x16	; 22
   00D0 12                  270 	.db #0x12	; 18
   00D1 30                  271 	.db #0x30	; 48	'0'
   00D2 30                  272 	.db #0x30	; 48	'0'
   00D3 21                  273 	.db #0x21	; 33
   00D4 03                  274 	.db #0x03	; 3
   00D5 30                  275 	.db #0x30	; 48	'0'
   00D6 30                  276 	.db #0x30	; 48	'0'
   00D7 03                  277 	.db #0x03	; 3
   00D8 30                  278 	.db #0x30	; 48	'0'
   00D9 30                  279 	.db #0x30	; 48	'0'
   00DA 30                  280 	.db #0x30	; 48	'0'
   00DB 30                  281 	.db #0x30	; 48	'0'
   00DC 30                  282 	.db #0x30	; 48	'0'
   00DD 3C                  283 	.db #0x3c	; 60
   00DE 3C                  284 	.db #0x3c	; 60
   00DF 30                  285 	.db #0x30	; 48	'0'
   00E0                     286 _tile_tilemap_07:
   00E0 12                  287 	.db #0x12	; 18
   00E1 B2                  288 	.db #0xb2	; 178
   00E2 B2                  289 	.db #0xb2	; 178
   00E3 A3                  290 	.db #0xa3	; 163
   00E4 21                  291 	.db #0x21	; 33
   00E5 30                  292 	.db #0x30	; 48	'0'
   00E6 30                  293 	.db #0x30	; 48	'0'
   00E7 12                  294 	.db #0x12	; 18
   00E8 B2                  295 	.db #0xb2	; 178
   00E9 B2                  296 	.db #0xb2	; 178
   00EA B2                  297 	.db #0xb2	; 178
   00EB B2                  298 	.db #0xb2	; 178
   00EC 71                  299 	.db #0x71	; 113	'q'
   00ED 71                  300 	.db #0x71	; 113	'q'
   00EE 71                  301 	.db #0x71	; 113	'q'
   00EF 71                  302 	.db #0x71	; 113	'q'
   00F0 03                  303 	.db #0x03	; 3
   00F1 16                  304 	.db #0x16	; 22
   00F2 29                  305 	.db #0x29	; 41
   00F3 03                  306 	.db #0x03	; 3
   00F4 03                  307 	.db #0x03	; 3
   00F5 29                  308 	.db #0x29	; 41
   00F6 16                  309 	.db #0x16	; 22
   00F7 03                  310 	.db #0x03	; 3
   00F8 30                  311 	.db #0x30	; 48	'0'
   00F9 30                  312 	.db #0x30	; 48	'0'
   00FA 30                  313 	.db #0x30	; 48	'0'
   00FB 30                  314 	.db #0x30	; 48	'0'
   00FC 71                  315 	.db #0x71	; 113	'q'
   00FD 71                  316 	.db #0x71	; 113	'q'
   00FE 71                  317 	.db #0x71	; 113	'q'
   00FF 71                  318 	.db #0x71	; 113	'q'
   0100                     319 _tile_tilemap_08:
   0100 03                  320 	.db #0x03	; 3
   0101 03                  321 	.db #0x03	; 3
   0102 03                  322 	.db #0x03	; 3
   0103 03                  323 	.db #0x03	; 3
   0104 03                  324 	.db #0x03	; 3
   0105 03                  325 	.db #0x03	; 3
   0106 03                  326 	.db #0x03	; 3
   0107 03                  327 	.db #0x03	; 3
   0108 03                  328 	.db #0x03	; 3
   0109 03                  329 	.db #0x03	; 3
   010A 03                  330 	.db #0x03	; 3
   010B 03                  331 	.db #0x03	; 3
   010C 03                  332 	.db #0x03	; 3
   010D 03                  333 	.db #0x03	; 3
   010E 03                  334 	.db #0x03	; 3
   010F 03                  335 	.db #0x03	; 3
   0110 03                  336 	.db #0x03	; 3
   0111 03                  337 	.db #0x03	; 3
   0112 03                  338 	.db #0x03	; 3
   0113 03                  339 	.db #0x03	; 3
   0114 03                  340 	.db #0x03	; 3
   0115 03                  341 	.db #0x03	; 3
   0116 03                  342 	.db #0x03	; 3
   0117 03                  343 	.db #0x03	; 3
   0118 03                  344 	.db #0x03	; 3
   0119 03                  345 	.db #0x03	; 3
   011A 03                  346 	.db #0x03	; 3
   011B 03                  347 	.db #0x03	; 3
   011C 03                  348 	.db #0x03	; 3
   011D 03                  349 	.db #0x03	; 3
   011E 03                  350 	.db #0x03	; 3
   011F 03                  351 	.db #0x03	; 3
   0120                     352 _tile_tilemap_09:
   0120 F0                  353 	.db #0xf0	; 240
   0121 F0                  354 	.db #0xf0	; 240
   0122 F0                  355 	.db #0xf0	; 240
   0123 F0                  356 	.db #0xf0	; 240
   0124 F0                  357 	.db #0xf0	; 240
   0125 F0                  358 	.db #0xf0	; 240
   0126 F0                  359 	.db #0xf0	; 240
   0127 F0                  360 	.db #0xf0	; 240
   0128 F0                  361 	.db #0xf0	; 240
   0129 D0                  362 	.db #0xd0	; 208
   012A F0                  363 	.db #0xf0	; 240
   012B D0                  364 	.db #0xd0	; 208
   012C D0                  365 	.db #0xd0	; 208
   012D F0                  366 	.db #0xf0	; 240
   012E F0                  367 	.db #0xf0	; 240
   012F F0                  368 	.db #0xf0	; 240
   0130 F0                  369 	.db #0xf0	; 240
   0131 F0                  370 	.db #0xf0	; 240
   0132 D0                  371 	.db #0xd0	; 208
   0133 F0                  372 	.db #0xf0	; 240
   0134 F0                  373 	.db #0xf0	; 240
   0135 D0                  374 	.db #0xd0	; 208
   0136 F0                  375 	.db #0xf0	; 240
   0137 F0                  376 	.db #0xf0	; 240
   0138 F0                  377 	.db #0xf0	; 240
   0139 F0                  378 	.db #0xf0	; 240
   013A F0                  379 	.db #0xf0	; 240
   013B F0                  380 	.db #0xf0	; 240
   013C F0                  381 	.db #0xf0	; 240
   013D F0                  382 	.db #0xf0	; 240
   013E D0                  383 	.db #0xd0	; 208
   013F F0                  384 	.db #0xf0	; 240
   0140                     385 _tile_tilemap_10:
   0140 F0                  386 	.db #0xf0	; 240
   0141 F0                  387 	.db #0xf0	; 240
   0142 C0                  388 	.db #0xc0	; 192
   0143 F0                  389 	.db #0xf0	; 240
   0144 D0                  390 	.db #0xd0	; 208
   0145 F0                  391 	.db #0xf0	; 240
   0146 E0                  392 	.db #0xe0	; 224
   0147 F0                  393 	.db #0xf0	; 240
   0148 E0                  394 	.db #0xe0	; 224
   0149 D0                  395 	.db #0xd0	; 208
   014A F0                  396 	.db #0xf0	; 240
   014B F0                  397 	.db #0xf0	; 240
   014C F0                  398 	.db #0xf0	; 240
   014D F0                  399 	.db #0xf0	; 240
   014E F0                  400 	.db #0xf0	; 240
   014F F0                  401 	.db #0xf0	; 240
   0150 F0                  402 	.db #0xf0	; 240
   0151 F0                  403 	.db #0xf0	; 240
   0152 E0                  404 	.db #0xe0	; 224
   0153 D0                  405 	.db #0xd0	; 208
   0154 E0                  406 	.db #0xe0	; 224
   0155 D0                  407 	.db #0xd0	; 208
   0156 F0                  408 	.db #0xf0	; 240
   0157 F0                  409 	.db #0xf0	; 240
   0158 F0                  410 	.db #0xf0	; 240
   0159 F0                  411 	.db #0xf0	; 240
   015A F0                  412 	.db #0xf0	; 240
   015B F0                  413 	.db #0xf0	; 240
   015C F0                  414 	.db #0xf0	; 240
   015D F0                  415 	.db #0xf0	; 240
   015E E0                  416 	.db #0xe0	; 224
   015F D0                  417 	.db #0xd0	; 208
   0160                     418 _tile_tilemap_11:
   0160 F0                  419 	.db #0xf0	; 240
   0161 F0                  420 	.db #0xf0	; 240
   0162 F0                  421 	.db #0xf0	; 240
   0163 F0                  422 	.db #0xf0	; 240
   0164 F0                  423 	.db #0xf0	; 240
   0165 F0                  424 	.db #0xf0	; 240
   0166 F0                  425 	.db #0xf0	; 240
   0167 F0                  426 	.db #0xf0	; 240
   0168 F0                  427 	.db #0xf0	; 240
   0169 D0                  428 	.db #0xd0	; 208
   016A F0                  429 	.db #0xf0	; 240
   016B D0                  430 	.db #0xd0	; 208
   016C D0                  431 	.db #0xd0	; 208
   016D F0                  432 	.db #0xf0	; 240
   016E F0                  433 	.db #0xf0	; 240
   016F F0                  434 	.db #0xf0	; 240
   0170 FF                  435 	.db #0xff	; 255
   0171 F0                  436 	.db #0xf0	; 240
   0172 D5                  437 	.db #0xd5	; 213
   0173 F5                  438 	.db #0xf5	; 245
   0174 FF                  439 	.db #0xff	; 255
   0175 FF                  440 	.db #0xff	; 255
   0176 FF                  441 	.db #0xff	; 255
   0177 FF                  442 	.db #0xff	; 255
   0178 FA                  443 	.db #0xfa	; 250
   0179 F0                  444 	.db #0xf0	; 240
   017A F0                  445 	.db #0xf0	; 240
   017B F0                  446 	.db #0xf0	; 240
   017C F0                  447 	.db #0xf0	; 240
   017D F0                  448 	.db #0xf0	; 240
   017E D0                  449 	.db #0xd0	; 208
   017F F0                  450 	.db #0xf0	; 240
                            451 	.area _INITIALIZER
                            452 	.area _CABS (ABS)
